<?xml version="1.0" encoding="UTF-8"?>
<!-- Generated by org.testng.reporters.JUnitReportReporter -->
<testsuite skipped="0" hostname="CPI-DANIEL" name="com.testng.sample.SampleTestNG" tests="1" failures="0" timestamp="26 Jun 2018 02:26:08 GMT" time="0.013" errors="0">
  <testcase name="sampleTest" time="0.013" classname="com.testng.sample.SampleTestNG"/>
</testsuite> <!-- com.testng.sample.SampleTestNG -->
