<?xml version="1.0" encoding="UTF-8"?>
<!-- Generated by org.testng.reporters.JUnitReportReporter -->
<testsuite skipped="0" hostname="CPI-DANIEL" name="com.testng.PageObjectModelSample" tests="1" failures="0" timestamp="04 Jul 2018 01:30:23 GMT" time="22.974" errors="0">
  <testcase name="test" time="22.974" classname="com.testng.PageObjectModelSample"/>
</testsuite> <!-- com.testng.PageObjectModelSample -->
