<?xml version="1.0" encoding="UTF-8"?>
<!-- Generated by org.testng.reporters.JUnitReportReporter -->
<testsuite skipped="0" hostname="CPI-DANIEL" name="com.testng.ExerciseOne" tests="10" failures="0" timestamp="26 Jun 2018 03:44:29 GMT" time="31.000" errors="0">
  <testcase name="login" time="0.451" classname="com.testng.ExerciseOne"/>
  <testcase name="goToClaims" time="0.276" classname="com.testng.ExerciseOne"/>
  <testcase name="goToBordereuxReportPage" time="21.109" classname="com.testng.ExerciseOne"/>
  <testcase name="reportCbxTypeElemTest" time="0.281" classname="com.testng.ExerciseOne"/>
  <testcase name="brdrxSideTaggableElemsTest" time="0.143" classname="com.testng.ExerciseOne"/>
  <testcase name="datePickerTest" time="1.139" classname="com.testng.ExerciseOne"/>
  <testcase name="lovTest" time="0.988" classname="com.testng.ExerciseOne"/>
  <testcase name="rdoClmTypeTest" time="0.233" classname="com.testng.ExerciseOne"/>
  <testcase name="extractAndPrintTest" time="1.302" classname="com.testng.ExerciseOne"/>
  <testcase name="closeSecondWindow" time="5.078" classname="com.testng.ExerciseOne"/>
</testsuite> <!-- com.testng.ExerciseOne -->
